<?xml version="1.0" encoding="UTF-8"?>
<!-- Generated by org.testng.reporters.JUnitReportReporter -->
<testsuite hostname="ENTS-David" failures="0" tests="1" name="TestDeamon.ColorNote.AppTest" time="0.008" errors="0" timestamp="2021-11-08T13:54:00 WAT" skipped="0">
  <testcase classname="TestDeamon.ColorNote.AppTest" name="test" time="0.008"/>
  <system-out/>
</testsuite> <!-- TestDeamon.ColorNote.AppTest -->
