<?xml version="1.0" encoding="UTF-8"?>
<!-- Generated by org.testng.reporters.JUnitReportReporter -->
<testsuite hostname="ENTS-David" failures="0" tests="1" name="app" time="29.263" errors="0" timestamp="2021-11-10T21:18:47 WAT" skipped="0">
  <testcase classname="app" name="setup" time="29.263"/>
  <system-out/>
</testsuite> <!-- app -->
